[0.00001] [Error] Server configuration doesn't meet the requirements. Please contact your server administrator or hosting provider to address the issues described below
[0.00001] [Notice] Creating database scheme
[1.53372] [Notice] Redirecting. Do not refresh the page!
[0.00001] [Notice] Importing data
[0.75410] [Notice] Redirecting. Do not refresh the page!
[0.00001] [Notice] Creating demo
[19.42388] [Notice] Redirecting. Do not refresh the page!
[0.00001] [Notice] Creating demo
[4.46272] [Notice] Redirecting. Do not refresh the page!
[0.00001] [Notice] Redirecting. Do not refresh the page!
[0.00001] [Notice] Redirecting. Do not refresh the page!
[0.00001] [Notice] Redirecting. Do not refresh the page!
[0.00001] [Notice] Redirecting. Do not refresh the page!
[0.00001] [Notice] Redirecting. Do not refresh the page!
[0.00001] [Notice] Redirecting. Do not refresh the page!
[0.00001] [Notice] Redirecting. Do not refresh the page!
[0.00001] [Notice] Redirecting. Do not refresh the page!
[0.00001] [Notice] Redirecting. Do not refresh the page!
[0.00001] [Notice] Installing additional language ru
[0.66216] [Notice] Installing additional language ru
[19.26329] [Notice] Redirecting. Do not refresh the page!
[0.00001] [Notice] Installing additional language ru
[10.57534] [Notice] Redirecting. Do not refresh the page!
[0.00001] [Notice] Installing additional language en
[0.62531] [Notice] Installing additional language en
[17.28206] [Notice] Redirecting. Do not refresh the page!
[0.00001] [Notice] Installing additional language en
[13.88053] [Notice] Redirecting. Do not refresh the page!
[0.00001] [Notice] Installing additional language uk
[0.59791] [Notice] Installing additional language uk
[14.22814] [Notice] Redirecting. Do not refresh the page!
[0.00001] [Notice] Installing additional language uk
[16.79978] [Notice] Redirecting. Do not refresh the page!
[0.00001] [Notice] Installing additional language uk
[0.27964] [Notice] Redirecting. Do not refresh the page!
[0.00001] [Notice] Creating demo
