[0.00002] [Обратите внимание] Создание схемы базы данных
[0.65827] [Обратите внимание] Переадресация. Не обновляйте страницу!
[0.00001] [Обратите внимание] Импорт данных
[0.71458] [Обратите внимание] Переадресация. Не обновляйте страницу!
[0.00002] [Обратите внимание] Создание демо
[19.05697] [Обратите внимание] Переадресация. Не обновляйте страницу!
[0.00009] [Обратите внимание] Создание демо
[5.96978] [Обратите внимание] Переадресация. Не обновляйте страницу!
[0.00001] [Обратите внимание] Переадресация. Не обновляйте страницу!
[0.00001] [Обратите внимание] Переадресация. Не обновляйте страницу!
[0.00001] [Обратите внимание] Переадресация. Не обновляйте страницу!
[0.00001] [Обратите внимание] Переадресация. Не обновляйте страницу!
[0.00001] [Обратите внимание] Переадресация. Не обновляйте страницу!
[0.00001] [Обратите внимание] Переадресация. Не обновляйте страницу!
[0.00001] [Обратите внимание] Переадресация. Не обновляйте страницу!
[0.00001] [Обратите внимание] Переадресация. Не обновляйте страницу!
[0.00001] [Обратите внимание] Переадресация. Не обновляйте страницу!
[0.00001] [Обратите внимание] Установка дополнительного языка ru
[0.86999] [Обратите внимание] Установка дополнительного языка ru
[18.79829] [Обратите внимание] Переадресация. Не обновляйте страницу!
[0.00001] [Обратите внимание] Установка дополнительного языка ru
[14.21735] [Обратите внимание] Переадресация. Не обновляйте страницу!
[0.00001] [Обратите внимание] Установка дополнительного языка en
[0.60110] [Обратите внимание] Установка дополнительного языка en
[15.78652] [Обратите внимание] Переадресация. Не обновляйте страницу!
[0.00001] [Обратите внимание] Установка дополнительного языка en
[17.98325] [Обратите внимание] Переадресация. Не обновляйте страницу!
[0.00001] [Обратите внимание] Переадресация. Не обновляйте страницу!
[0.00001] [Обратите внимание] Установка дополнительного языка uk
[0.63920] [Обратите внимание] Установка дополнительного языка uk
[14.01249] [Обратите внимание] Переадресация. Не обновляйте страницу!
[0.00001] [Обратите внимание] Установка дополнительного языка uk
[16.02062] [Обратите внимание] Переадресация. Не обновляйте страницу!
[0.00006] [Обратите внимание] Установка дополнительного языка uk
[4.96795] [Обратите внимание] Переадресация. Не обновляйте страницу!
[0.00001] [Обратите внимание] Создание демо
