[0.00001] [Обратите внимание] Не удалось установить соединение с базой данных
[0.00028] [Ошибка] Настройки MySQL неверны
[0.00001] [Обратите внимание] Создание схемы базы данных
[0.90637] [Обратите внимание] Переадресация. Не обновляйте страницу!
[0.00001] [Обратите внимание] Импорт данных
[0.96163] [Обратите внимание] Переадресация. Не обновляйте страницу!
[0.00001] [Обратите внимание] Создание демо
[18.85233] [Обратите внимание] Переадресация. Не обновляйте страницу!
[0.00001] [Обратите внимание] Создание демо
[5.16792] [Обратите внимание] Переадресация. Не обновляйте страницу!
[0.00001] [Обратите внимание] Переадресация. Не обновляйте страницу!
[0.00001] [Обратите внимание] Переадресация. Не обновляйте страницу!
[0.00002] [Обратите внимание] Переадресация. Не обновляйте страницу!
[0.00001] [Обратите внимание] Переадресация. Не обновляйте страницу!
[0.00001] [Обратите внимание] Переадресация. Не обновляйте страницу!
[0.00001] [Обратите внимание] Переадресация. Не обновляйте страницу!
[0.00001] [Обратите внимание] Переадресация. Не обновляйте страницу!
[0.00001] [Обратите внимание] Переадресация. Не обновляйте страницу!
[0.00001] [Обратите внимание] Переадресация. Не обновляйте страницу!
[0.00001] [Обратите внимание] Установка дополнительного языка ru
[0.66522] [Обратите внимание] Установка дополнительного языка ru
[19.39304] [Обратите внимание] Переадресация. Не обновляйте страницу!
[0.00001] [Обратите внимание] Установка дополнительного языка ru
[13.91789] [Обратите внимание] Переадресация. Не обновляйте страницу!
[0.00001] [Обратите внимание] Установка дополнительного языка en
[0.70699] [Обратите внимание] Установка дополнительного языка en
[13.09988] [Обратите внимание] Переадресация. Не обновляйте страницу!
[0.00001] [Обратите внимание] Установка дополнительного языка en
[17.70169] [Обратите внимание] Переадресация. Не обновляйте страницу!
[0.00001] [Обратите внимание] Установка дополнительного языка en
[9.79884] [Обратите внимание] Переадресация. Не обновляйте страницу!
[0.00001] [Обратите внимание] Установка дополнительного языка uk
[0.78119] [Обратите внимание] Установка дополнительного языка uk
[13.77699] [Обратите внимание] Переадресация. Не обновляйте страницу!
[0.00004] [Обратите внимание] Установка дополнительного языка uk
[15.87745] [Обратите внимание] Переадресация. Не обновляйте страницу!
[0.00001] [Обратите внимание] Установка дополнительного языка uk
[7.19472] [Обратите внимание] Переадресация. Не обновляйте страницу!
[0.00001] [Обратите внимание] Создание демо
